2023-03-15 12:05:44,988 - INFO - pipeline - Complete Loading BookPipe
2023-03-15 12:05:45,024 - INFO - pipeline - <----scrap book_info from kyobo---->
2023-03-15 12:05:48,161 - INFO - pipeline - saved results to parquet!
2023-03-15 12:10:49,342 - INFO - pipeline - Complete Loading BookPipe
2023-03-15 12:10:49,366 - INFO - pipeline - <----scrap book_info from kyobo---->
2023-03-15 12:10:49,373 - INFO - pipeline - scraping_chunk_size : 1
2023-03-15 12:11:39,569 - INFO - pipeline - Complete Loading BookPipe
2023-03-15 12:11:39,595 - INFO - pipeline - <----scrap book_info from kyobo---->
2023-03-15 12:11:39,602 - INFO - pipeline - scraping_chunk_size : 1
2023-03-15 12:11:42,514 - INFO - pipeline - saved results to parquet!
2023-03-15 12:15:41,115 - INFO - pipeline - Complete Loading BookPipe
2023-03-15 12:15:41,140 - INFO - pipeline - <----scrap book_info from kyobo---->
2023-03-15 12:15:41,147 - INFO - pipeline - scraping_chunk_size : 10
2023-03-15 12:16:34,200 - INFO - pipeline - 진행상태 : 50/601
2023-03-15 12:17:20,468 - INFO - pipeline - 진행상태 : 100/601
2023-03-15 12:18:10,974 - INFO - pipeline - 진행상태 : 150/601
2023-03-15 12:19:02,756 - INFO - pipeline - 진행상태 : 200/601
2023-03-15 12:19:56,301 - INFO - pipeline - 진행상태 : 250/601
2023-03-15 12:20:50,898 - INFO - pipeline - 진행상태 : 300/601
2023-03-15 12:21:44,901 - INFO - pipeline - 진행상태 : 350/601
2023-03-15 12:22:12,890 - INFO - pipeline - 진행상태 : 400/601
2023-03-15 12:22:16,866 - INFO - pipeline - 진행상태 : 450/601
2023-03-15 12:22:20,729 - INFO - pipeline - 진행상태 : 500/601
2023-03-15 12:22:53,479 - INFO - pipeline - 진행상태 : 550/601
2023-03-15 12:22:57,146 - INFO - pipeline - 진행상태 : 600/601
2023-03-15 12:22:58,389 - INFO - pipeline - saved results to parquet!
